<?xml version="1.0" encoding="UTF-8"?>
<coverage generated="1707352652539" clover="3.2.0">
  <project timestamp="1707352652540" name="All files">
    <metrics statements="60" coveredstatements="50" conditionals="20" coveredconditionals="14" methods="10" coveredmethods="9" elements="90" coveredelements="73" complexity="0" loc="60" ncloc="60" packages="1" files="5" classes="5"/>
    <file name="base-price.ts" path="/home/federodes/Workspace/vearn/gas/src/base-price.ts">
      <metrics statements="14" coveredstatements="11" conditionals="2" coveredconditionals="1" methods="1" coveredmethods="1"/>
      <line num="1" count="2" type="stmt"/>
      <line num="2" count="2" type="stmt"/>
      <line num="4" count="2" type="stmt"/>
      <line num="11" count="2" type="stmt"/>
      <line num="13" count="6" type="cond" truecount="1" falsecount="0"/>
      <line num="14" count="6" type="stmt"/>
      <line num="15" count="6" type="stmt"/>
      <line num="23" count="6" type="cond" truecount="0" falsecount="1"/>
      <line num="24" count="0" type="stmt"/>
      <line num="27" count="6" type="stmt"/>
      <line num="28" count="6" type="stmt"/>
      <line num="29" count="6" type="stmt"/>
      <line num="33" count="0" type="stmt"/>
      <line num="45" count="0" type="stmt"/>
    </file>
    <file name="calc-tx-fee.ts" path="/home/federodes/Workspace/vearn/gas/src/calc-tx-fee.ts">
      <metrics statements="11" coveredstatements="11" conditionals="1" coveredconditionals="1" methods="1" coveredmethods="1"/>
      <line num="2" count="1" type="stmt"/>
      <line num="3" count="1" type="stmt"/>
      <line num="4" count="1" type="stmt"/>
      <line num="12" count="1" type="stmt"/>
      <line num="17" count="1" type="cond" truecount="1" falsecount="0"/>
      <line num="18" count="4" type="stmt"/>
      <line num="23" count="4" type="stmt"/>
      <line num="24" count="4" type="stmt"/>
      <line num="25" count="4" type="stmt"/>
      <line num="27" count="4" type="stmt"/>
      <line num="29" count="4" type="stmt"/>
    </file>
    <file name="constants.ts" path="/home/federodes/Workspace/vearn/gas/src/constants.ts">
      <metrics statements="6" coveredstatements="6" conditionals="0" coveredconditionals="0" methods="0" coveredmethods="0"/>
      <line num="1" count="3" type="stmt"/>
      <line num="2" count="3" type="stmt"/>
      <line num="3" count="3" type="stmt"/>
      <line num="4" count="3" type="stmt"/>
      <line num="5" count="3" type="stmt"/>
      <line num="6" count="3" type="stmt"/>
    </file>
    <file name="intrinsic-gas.ts" path="/home/federodes/Workspace/vearn/gas/src/intrinsic-gas.ts">
      <metrics statements="12" coveredstatements="12" conditionals="6" coveredconditionals="5" methods="4" coveredmethods="4"/>
      <line num="1" count="2" type="stmt"/>
      <line num="4" count="13" type="cond" truecount="0" falsecount="1"/>
      <line num="6" count="13" type="stmt"/>
      <line num="7" count="13" type="cond" truecount="1" falsecount="0"/>
      <line num="9" count="5970" type="cond" truecount="2" falsecount="0"/>
      <line num="10" count="4" type="stmt"/>
      <line num="12" count="4" type="stmt"/>
      <line num="19" count="2" type="stmt"/>
      <line num="20" count="11" type="stmt"/>
      <line num="21" count="13" type="cond" truecount="2" falsecount="0"/>
      <line num="22" count="13" type="stmt"/>
      <line num="23" count="13" type="stmt"/>
    </file>
    <file name="vm-gas.ts" path="/home/federodes/Workspace/vearn/gas/src/vm-gas.ts">
      <metrics statements="17" coveredstatements="10" conditionals="11" coveredconditionals="7" methods="4" coveredmethods="3"/>
      <line num="1" count="2" type="stmt"/>
      <line num="2" count="2" type="stmt"/>
      <line num="11" count="2" type="stmt"/>
      <line num="13" count="10" type="cond" truecount="4" falsecount="0"/>
      <line num="16" count="10" type="cond" truecount="1" falsecount="0"/>
      <line num="17" count="10" type="stmt"/>
      <line num="18" count="10" type="stmt"/>
      <line num="20" count="10" type="cond" truecount="0" falsecount="1"/>
      <line num="21" count="0" type="stmt"/>
      <line num="24" count="15" type="stmt"/>
      <line num="25" count="10" type="cond" truecount="2" falsecount="0"/>
      <line num="29" count="0" type="stmt"/>
      <line num="31" count="0" type="cond" truecount="0" falsecount="1"/>
      <line num="32" count="0" type="stmt"/>
      <line num="35" count="0" type="stmt"/>
      <line num="36" count="0" type="stmt"/>
      <line num="38" count="0" type="cond" truecount="0" falsecount="2"/>
    </file>
  </project>
</coverage>
