{"/home/federodes/Workspace/vearn/gas/src/base-price.ts": {"path":"/home/federodes/Workspace/vearn/gas/src/base-price.ts","statementMap":{"0":{"start":{"line":1,"column":0},"end":{"line":1,"column":23}},"1":{"start":{"line":2,"column":0},"end":{"line":2,"column":29}},"2":{"start":{"line":4,"column":0},"end":{"line":4,"column":37}},"3":{"start":{"line":13,"column":4},"end":{"line":30,"column":5}},"4":{"start":{"line":14,"column":25},"end":{"line":14,"column":64}},"5":{"start":{"line":15,"column":25},"end":{"line":21,"column":10}},"6":{"start":{"line":23,"column":8},"end":{"line":25,"column":9}},"7":{"start":{"line":24,"column":12},"end":{"line":24,"column":null}},"8":{"start":{"line":27,"column":21},"end":{"line":27,"column":37}},"9":{"start":{"line":28,"column":22},"end":{"line":28,"column":65}},"10":{"start":{"line":29,"column":8},"end":{"line":29,"column":null}},"11":{"start":{"line":33,"column":20},"end":{"line":44,"column":83}},"12":{"start":{"line":45,"column":4},"end":{"line":45,"column":41}},"13":{"start":{"line":11,"column":0},"end":{"line":11,"column":22}}},"fnMap":{"0":{"name":"basePrice","decl":{"start":{"line":11,"column":22},"end":{"line":11,"column":31}},"loc":{"start":{"line":11,"column":61},"end":{"line":46,"column":null}}}},"branchMap":{"0":{"loc":{"start":{"line":13,"column":4},"end":{"line":30,"column":5}},"type":"if","locations":[{"start":{"line":13,"column":4},"end":{"line":30,"column":5}}]},"1":{"loc":{"start":{"line":23,"column":8},"end":{"line":25,"column":9}},"type":"if","locations":[{"start":{"line":23,"column":8},"end":{"line":25,"column":9}}]}},"s":{"0":2,"1":2,"2":2,"3":6,"4":6,"5":6,"6":6,"7":0,"8":6,"9":6,"10":6,"11":0,"12":0,"13":2},"f":{"0":6},"b":{"0":[6],"1":[0]}}
,"/home/federodes/Workspace/vearn/gas/src/calc-tx-fee.ts": {"path":"/home/federodes/Workspace/vearn/gas/src/calc-tx-fee.ts","statementMap":{"0":{"start":{"line":2,"column":0},"end":{"line":2,"column":41}},"1":{"start":{"line":3,"column":0},"end":{"line":3,"column":47}},"2":{"start":{"line":4,"column":0},"end":{"line":4,"column":33}},"3":{"start":{"line":12,"column":23},"end":{"line":15,"column":null}},"4":{"start":{"line":18,"column":17},"end":{"line":20,"column":null}},"5":{"start":{"line":23,"column":25},"end":{"line":23,"column":62}},"6":{"start":{"line":24,"column":22},"end":{"line":24,"column":43}},"7":{"start":{"line":25,"column":15},"end":{"line":25,"column":73}},"8":{"start":{"line":27,"column":18},"end":{"line":27,"column":32}},"9":{"start":{"line":29,"column":4},"end":{"line":33,"column":null}},"10":{"start":{"line":17,"column":0},"end":{"line":17,"column":22}}},"fnMap":{"0":{"name":"calcTxFee","decl":{"start":{"line":17,"column":22},"end":{"line":17,"column":31}},"loc":{"start":{"line":17,"column":83},"end":{"line":34,"column":null}}}},"branchMap":{"0":{"loc":{"start":{"line":17,"column":61},"end":{"line":17,"column":83}},"type":"default-arg","locations":[{"start":{"line":17,"column":81},"end":{"line":17,"column":83}}]}},"s":{"0":1,"1":1,"2":1,"3":1,"4":4,"5":4,"6":4,"7":4,"8":4,"9":4,"10":1},"f":{"0":4},"b":{"0":[2]}}
,"/home/federodes/Workspace/vearn/gas/src/constants.ts": {"path":"/home/federodes/Workspace/vearn/gas/src/constants.ts","statementMap":{"0":{"start":{"line":1,"column":13},"end":{"line":1,"column":null}},"1":{"start":{"line":2,"column":13},"end":{"line":2,"column":null}},"2":{"start":{"line":3,"column":13},"end":{"line":3,"column":null}},"3":{"start":{"line":4,"column":13},"end":{"line":4,"column":null}},"4":{"start":{"line":5,"column":13},"end":{"line":5,"column":null}},"5":{"start":{"line":6,"column":13},"end":{"line":6,"column":null}}},"fnMap":{},"branchMap":{},"s":{"0":3,"1":3,"2":3,"3":3,"4":3,"5":3},"f":{},"b":{}}
,"/home/federodes/Workspace/vearn/gas/src/intrinsic-gas.ts": {"path":"/home/federodes/Workspace/vearn/gas/src/intrinsic-gas.ts","statementMap":{"0":{"start":{"line":1,"column":0},"end":{"line":1,"column":115}},"1":{"start":{"line":4,"column":4},"end":{"line":4,"column":40}},"2":{"start":{"line":4,"column":30},"end":{"line":4,"column":39}},"3":{"start":{"line":6,"column":18},"end":{"line":6,"column":48}},"4":{"start":{"line":7,"column":4},"end":{"line":7,"column":36}},"5":{"start":{"line":7,"column":26},"end":{"line":7,"column":35}},"6":{"start":{"line":9,"column":28},"end":{"line":9,"column":113}},"7":{"start":{"line":9,"column":68},"end":{"line":9,"column":109}},"8":{"start":{"line":10,"column":31},"end":{"line":10,"column":61}},"9":{"start":{"line":12,"column":4},"end":{"line":12,"column":90}},"10":{"start":{"line":20,"column":4},"end":{"line":24,"column":15}},"11":{"start":{"line":21,"column":8},"end":{"line":21,"column":null}},"12":{"start":{"line":22,"column":8},"end":{"line":22,"column":31}},"13":{"start":{"line":23,"column":8},"end":{"line":23,"column":19}},"14":{"start":{"line":19,"column":0},"end":{"line":19,"column":16}}},"fnMap":{"0":{"name":"dataGas","decl":{"start":{"line":3,"column":9},"end":{"line":3,"column":16}},"loc":{"start":{"line":3,"column":41},"end":{"line":13,"column":1}}},"1":{"name":"(anonymous_1)","decl":{"start":{"line":9,"column":41},"end":{"line":9,"column":42}},"loc":{"start":{"line":9,"column":68},"end":{"line":9,"column":109}}},"2":{"name":"intrinsicGas","decl":{"start":{"line":19,"column":16},"end":{"line":19,"column":28}},"loc":{"start":{"line":19,"column":56},"end":{"line":25,"column":1}}},"3":{"name":"(anonymous_3)","decl":{"start":{"line":20,"column":26},"end":{"line":20,"column":27}},"loc":{"start":{"line":20,"column":37},"end":{"line":24,"column":5}}}},"branchMap":{"0":{"loc":{"start":{"line":4,"column":4},"end":{"line":4,"column":40}},"type":"if","locations":[{"start":{"line":4,"column":4},"end":{"line":4,"column":40}}]},"1":{"loc":{"start":{"line":7,"column":4},"end":{"line":7,"column":36}},"type":"if","locations":[{"start":{"line":7,"column":4},"end":{"line":7,"column":36}}]},"2":{"loc":{"start":{"line":9,"column":87},"end":{"line":9,"column":108}},"type":"cond-expr","locations":[{"start":{"line":9,"column":103},"end":{"line":9,"column":104}},{"start":{"line":9,"column":107},"end":{"line":9,"column":108}}]},"3":{"loc":{"start":{"line":21,"column":15},"end":{"line":21,"column":72}},"type":"cond-expr","locations":[{"start":{"line":21,"column":31},"end":{"line":21,"column":59}},{"start":{"line":21,"column":62},"end":{"line":21,"column":72}}]}},"s":{"0":2,"1":13,"2":0,"3":13,"4":13,"5":9,"6":4,"7":5970,"8":4,"9":4,"10":11,"11":13,"12":13,"13":13,"14":2},"f":{"0":13,"1":5970,"2":11,"3":13},"b":{"0":[0],"1":[9],"2":[209,5761],"3":[4,9]}}
,"/home/federodes/Workspace/vearn/gas/src/vm-gas.ts": {"path":"/home/federodes/Workspace/vearn/gas/src/vm-gas.ts","statementMap":{"0":{"start":{"line":1,"column":0},"end":{"line":1,"column":23}},"1":{"start":{"line":2,"column":0},"end":{"line":2,"column":36}},"2":{"start":{"line":13,"column":19},"end":{"line":13,"column":117}},"3":{"start":{"line":13,"column":56},"end":{"line":13,"column":59}},"4":{"start":{"line":16,"column":4},"end":{"line":26,"column":5}},"5":{"start":{"line":17,"column":25},"end":{"line":17,"column":64}},"6":{"start":{"line":18,"column":25},"end":{"line":18,"column":75}},"7":{"start":{"line":20,"column":8},"end":{"line":22,"column":9}},"8":{"start":{"line":21,"column":12},"end":{"line":21,"column":null}},"9":{"start":{"line":24,"column":20},"end":{"line":24,"column":82}},"10":{"start":{"line":24,"column":53},"end":{"line":24,"column":73}},"11":{"start":{"line":25,"column":8},"end":{"line":25,"column":null}},"12":{"start":{"line":29,"column":22},"end":{"line":29,"column":56}},"13":{"start":{"line":31,"column":4},"end":{"line":33,"column":5}},"14":{"start":{"line":32,"column":8},"end":{"line":32,"column":null}},"15":{"start":{"line":35,"column":20},"end":{"line":35,"column":45}},"16":{"start":{"line":36,"column":16},"end":{"line":36,"column":77}},"17":{"start":{"line":36,"column":48},"end":{"line":36,"column":68}},"18":{"start":{"line":38,"column":4},"end":{"line":38,"column":null}},"19":{"start":{"line":11,"column":0},"end":{"line":11,"column":22}}},"fnMap":{"0":{"name":"vmGas","decl":{"start":{"line":11,"column":22},"end":{"line":11,"column":27}},"loc":{"start":{"line":11,"column":104},"end":{"line":39,"column":null}}},"1":{"name":"(anonymous_10)","decl":{"start":{"line":13,"column":44},"end":{"line":13,"column":45}},"loc":{"start":{"line":13,"column":56},"end":{"line":13,"column":59}}},"2":{"name":"(anonymous_11)","decl":{"start":{"line":24,"column":36},"end":{"line":24,"column":37}},"loc":{"start":{"line":24,"column":53},"end":{"line":24,"column":73}}},"3":{"name":"(anonymous_12)","decl":{"start":{"line":36,"column":31},"end":{"line":36,"column":32}},"loc":{"start":{"line":36,"column":48},"end":{"line":36,"column":68}}}},"branchMap":{"0":{"loc":{"start":{"line":13,"column":19},"end":{"line":13,"column":117}},"type":"cond-expr","locations":[{"start":{"line":13,"column":63},"end":{"line":13,"column":107}},{"start":{"line":13,"column":110},"end":{"line":13,"column":117}}]},"1":{"loc":{"start":{"line":13,"column":19},"end":{"line":13,"column":60}},"type":"binary-expr","locations":[{"start":{"line":13,"column":19},"end":{"line":13,"column":27}},{"start":{"line":13,"column":31},"end":{"line":13,"column":60}}]},"2":{"loc":{"start":{"line":16,"column":4},"end":{"line":26,"column":5}},"type":"if","locations":[{"start":{"line":16,"column":4},"end":{"line":26,"column":5}}]},"3":{"loc":{"start":{"line":20,"column":8},"end":{"line":22,"column":9}},"type":"if","locations":[{"start":{"line":20,"column":8},"end":{"line":22,"column":9}}]},"4":{"loc":{"start":{"line":25,"column":15},"end":{"line":25,"column":39}},"type":"cond-expr","locations":[{"start":{"line":25,"column":32},"end":{"line":25,"column":33}},{"start":{"line":25,"column":36},"end":{"line":25,"column":39}}]},"5":{"loc":{"start":{"line":31,"column":4},"end":{"line":33,"column":5}},"type":"if","locations":[{"start":{"line":31,"column":4},"end":{"line":33,"column":5}}]},"6":{"loc":{"start":{"line":38,"column":11},"end":{"line":38,"column":35}},"type":"cond-expr","locations":[{"start":{"line":38,"column":28},"end":{"line":38,"column":29}},{"start":{"line":38,"column":32},"end":{"line":38,"column":35}}]}},"s":{"0":2,"1":2,"2":10,"3":9,"4":10,"5":10,"6":10,"7":10,"8":0,"9":10,"10":15,"11":10,"12":0,"13":0,"14":0,"15":0,"16":0,"17":0,"18":0,"19":2},"f":{"0":10,"1":9,"2":15,"3":0},"b":{"0":[2,8],"1":[10,9],"2":[10],"3":[0],"4":[2,8],"5":[0],"6":[0,0]}}
}
