TN:
SF:src/base-price.ts
FN:11,basePrice
FNF:1
FNH:1
FNDA:6,basePrice
DA:1,2
DA:2,2
DA:4,2
DA:11,2
DA:13,6
DA:14,6
DA:15,6
DA:23,6
DA:24,0
DA:27,6
DA:28,6
DA:29,6
DA:33,0
DA:45,0
LF:14
LH:11
BRDA:13,0,0,6
BRDA:23,1,0,0
BRF:2
BRH:1
end_of_record
TN:
SF:src/calc-tx-fee.ts
FN:17,calcTxFee
FNF:1
FNH:1
FNDA:4,calcTxFee
DA:2,1
DA:3,1
DA:4,1
DA:12,1
DA:17,1
DA:18,4
DA:23,4
DA:24,4
DA:25,4
DA:27,4
DA:29,4
LF:11
LH:11
BRDA:17,0,0,2
BRF:1
BRH:1
end_of_record
TN:
SF:src/constants.ts
FNF:0
FNH:0
DA:1,3
DA:2,3
DA:3,3
DA:4,3
DA:5,3
DA:6,3
LF:6
LH:6
BRF:0
BRH:0
end_of_record
TN:
SF:src/intrinsic-gas.ts
FN:3,dataGas
FN:9,(anonymous_1)
FN:19,intrinsicGas
FN:20,(anonymous_3)
FNF:4
FNH:4
FNDA:13,dataGas
FNDA:5970,(anonymous_1)
FNDA:11,intrinsicGas
FNDA:13,(anonymous_3)
DA:1,2
DA:4,13
DA:6,13
DA:7,13
DA:9,5970
DA:10,4
DA:12,4
DA:19,2
DA:20,11
DA:21,13
DA:22,13
DA:23,13
LF:12
LH:12
BRDA:4,0,0,0
BRDA:7,1,0,9
BRDA:9,2,0,209
BRDA:9,2,1,5761
BRDA:21,3,0,4
BRDA:21,3,1,9
BRF:6
BRH:5
end_of_record
TN:
SF:src/vm-gas.ts
FN:11,vmGas
FN:13,(anonymous_10)
FN:24,(anonymous_11)
FN:36,(anonymous_12)
FNF:4
FNH:3
FNDA:10,vmGas
FNDA:9,(anonymous_10)
FNDA:15,(anonymous_11)
FNDA:0,(anonymous_12)
DA:1,2
DA:2,2
DA:11,2
DA:13,10
DA:16,10
DA:17,10
DA:18,10
DA:20,10
DA:21,0
DA:24,15
DA:25,10
DA:29,0
DA:31,0
DA:32,0
DA:35,0
DA:36,0
DA:38,0
LF:17
LH:10
BRDA:13,0,0,2
BRDA:13,0,1,8
BRDA:13,1,0,10
BRDA:13,1,1,9
BRDA:16,2,0,10
BRDA:20,3,0,0
BRDA:25,4,0,2
BRDA:25,4,1,8
BRDA:31,5,0,0
BRDA:38,6,0,0
BRDA:38,6,1,0
BRF:11
BRH:7
end_of_record
